<?xml version="1.0" encoding="UTF-8"?>
<testsuite name="TestSuite" time="61.387" tests="5" errors="0" skipped="4" failures="1">
  <properties>
[...]
</properties>
  <testcase name="loginTodevice" classname="com.xora.test.admin.TimeSheetsSanityTest" time="61.387">
    <failure message="Failed to load login page" type="java.lang.AssertionError">java.lang.AssertionError: Failed to load login page
	at org.testng.Assert.fail(Assert.java:94)
	at com.xora.pageObjects.DeviceLoginPage.isLoaded(DeviceLoginPage.java:67)
	at org.openqa.selenium.support.ui.LoadableComponent.get(LoadableComponent.java:52)
	at com.xora.test.SeleniumPostLoginTest.loginTodevice(SeleniumPostLoginTest.scala:31)
	at sun.reflect.NativeMethodAccessorImpl.invoke0(Native Method)
	at sun.reflect.NativeMethodAccessorImpl.invoke(NativeMethodAccessorImpl.java:62)
	at sun.reflect.DelegatingMethodAccessorImpl.invoke(DelegatingMethodAccessorImpl.java:43)
	at java.lang.reflect.Method.invoke(Method.java:498)
	at org.testng.internal.MethodInvocationHelper.invokeMethod(MethodInvocationHelper.java:85)
	at org.testng.internal.Invoker.invokeConfigurationMethod(Invoker.java:517)
	at org.testng.internal.Invoker.invokeConfigurations(Invoker.java:213)
	at org.testng.internal.Invoker.invokeConfigurations(Invoker.java:140)
	at org.testng.TestRunner.beforeRun(TestRunner.java:645)
	at org.testng.TestRunner.run(TestRunner.java:613)
	at org.testng.SuiteRunner.runTest(SuiteRunner.java:357)
	at org.testng.SuiteRunner.runSequentially(SuiteRunner.java:352)
	at org.testng.SuiteRunner.privateRun(SuiteRunner.java:310)
	at org.testng.SuiteRunner.run(SuiteRunner.java:259)
	at org.testng.SuiteRunnerWorker.runSuite(SuiteRunnerWorker.java:52)
	at org.testng.SuiteRunnerWorker.run(SuiteRunnerWorker.java:86)
	at org.testng.TestNG.runSuitesSequentially(TestNG.java:1199)
	at org.testng.TestNG.runSuitesLocally(TestNG.java:1124)
	at org.testng.TestNG.run(TestNG.java:1032)
	at org.apache.maven.surefire.testng.TestNGExecutor.run(TestNGExecutor.java:217)
	at org.apache.maven.surefire.testng.TestNGXmlTestSuite.execute(TestNGXmlTestSuite.java:84)
	at org.apache.maven.surefire.testng.TestNGProvider.invoke(TestNGProvider.java:92)
	at org.apache.maven.surefire.booter.ForkedBooter.invokeProviderInSameClassLoader(ForkedBooter.java:200)
	at org.apache.maven.surefire.booter.ForkedBooter.runSuitesInProcess(ForkedBooter.java:153)
	at org.apache.maven.surefire.booter.ForkedBooter.main(ForkedBooter.java:103)
</failure>
    <system-out><![CDATA[Appium starts..
Before Suite
Before test
Before Test
]]></system-out>
    <system-err><![CDATA[log4j:WARN No appenders could be found for logger (org.apache.http.client.protocol.RequestAddCookies).
log4j:WARN Please initialize the log4j system properly.
Starting ChromeDriver 2.33.506120 (e3e53437346286c0bc2d2dc9aa4915ba81d9023f) on port 43743
Only local connections are allowed.
]]></system-err>
  </testcase>
  <testcase name="init" classname="com.xora.test.admin.TimeSheetsSanityTest" time="0">
    <skipped/>
  </testcase>
  <testcase name="timeSheetsSanitytest" classname="com.xora.test.admin.TimeSheetsSanityTest" time="0">
    <skipped/>
  </testcase>
  <testcase name="setScreenshot" classname="com.xora.test.admin.TimeSheetsSanityTest" time="0">
    <skipped/>
  </testcase>
  <testcase name="stopService" classname="com.xora.test.admin.TimeSheetsSanityTest" time="0">
    <skipped/>
  </testcase>
</testsuite>